6.924039959907531738e+00
6.908319115638732910e+00
6.906443595886230469e+00
6.905621409416198730e+00
6.904610514640808105e+00
6.904228687286376953e+00
6.903928518295288086e+00
6.903686523437500000e+00
6.903579473495483398e+00
6.903464674949645996e+00
6.903378248214721680e+00
6.903321981430053711e+00
6.903299808502197266e+00
6.903271317481994629e+00
6.903227925300598145e+00
6.903268218040466309e+00
6.903197884559631348e+00
6.903199672698974609e+00
6.903158068656921387e+00
6.903170585632324219e+00
6.903106808662414551e+00
6.903086423873901367e+00
6.903043389320373535e+00
6.903027176856994629e+00
6.903011918067932129e+00
6.902981877326965332e+00
6.902976989746093750e+00
6.902969121932983398e+00
6.902959942817687988e+00
6.902934193611145020e+00
6.902958750724792480e+00
6.902904868125915527e+00
6.902876019477844238e+00
6.902889132499694824e+00
6.902859330177307129e+00
6.902849078178405762e+00
6.902851343154907227e+00
6.902833223342895508e+00
6.902802228927612305e+00
6.902822852134704590e+00
