9.728587627410888672e+00
7.177770256996154785e+00
6.956565260887145996e+00
7.038152456283569336e+00
7.039567589759826660e+00
6.988973617553710938e+00
6.945929884910583496e+00
6.930269956588745117e+00
6.931794643402099609e+00
6.933804392814636230e+00
6.931230068206787109e+00
6.928161621093750000e+00
6.927217245101928711e+00
6.927081465721130371e+00
6.926758766174316406e+00
6.926278829574584961e+00
6.925850272178649902e+00
6.925551533699035645e+00
6.925309538841247559e+00
6.925077199935913086e+00
6.924871802330017090e+00
6.924686789512634277e+00
6.924522757530212402e+00
6.924379229545593262e+00
6.924240231513977051e+00
6.924116492271423340e+00
6.923996567726135254e+00
6.923888325691223145e+00
6.923782110214233398e+00
6.923678398132324219e+00
