6.553059005737304688e+01
6.546949768066406250e+01
6.530456829071044922e+01
6.471695137023925781e+01
5.962208461761474609e+01
3.925155115127563477e+01
1.768787860870361328e+01
1.275909042358398438e+01
1.153223514556884766e+01
1.087301707267761230e+01
1.045831990242004395e+01
1.016802430152893066e+01
9.945612311363220215e+00
9.760244131088256836e+00
9.592530727386474609e+00
9.429341316223144531e+00
9.260608315467834473e+00
9.084606766700744629e+00
8.904311299324035645e+00
8.723501086235046387e+00
8.549860000610351562e+00
8.388045072555541992e+00
8.239814162254333496e+00
8.104389309883117676e+00
7.980291128158569336e+00
7.866310477256774902e+00
7.761688709259033203e+00
7.664571762084960938e+00
7.573812484741210938e+00
7.490548849105834961e+00
7.416610836982727051e+00
7.351947426795959473e+00
7.294949293136596680e+00
7.244505047798156738e+00
7.200278997421264648e+00
7.161715626716613770e+00
7.127814054489135742e+00
7.098094463348388672e+00
7.072360754013061523e+00
7.050401687622070312e+00
