1.912063717842102051e+01
1.552156674861907959e+01
1.439716374874114990e+01
1.397734165191650391e+01
1.392396605014801025e+01
1.387763357162475586e+01
1.386120653152465820e+01
1.385721647739410400e+01
1.385597872734069824e+01
1.385506558418273926e+01
1.385473382472991943e+01
1.385455870628356934e+01
1.385440599918365479e+01
1.385421597957611084e+01
1.385405337810516357e+01
1.385392022132873535e+01
1.385383832454681396e+01
1.385373198986053467e+01
1.385366046428680420e+01
1.385362160205841064e+01
1.385357260704040527e+01
1.385357654094696045e+01
1.385352802276611328e+01
1.385350608825683594e+01
1.385349333286285400e+01
1.385346162319183350e+01
1.385345208644866943e+01
1.385345292091369629e+01
1.385343718528747559e+01
1.385342562198638916e+01
