1.737894463539123535e+01
1.393820631504058838e+01
1.403554594516754150e+01
1.388329327106475830e+01
1.385791373252868652e+01
1.385851824283599854e+01
1.385092401504516602e+01
1.385061788558959961e+01
1.384941458702087402e+01
1.384868156909942627e+01
1.384804904460906982e+01
1.384750330448150635e+01
1.384696328639984131e+01
1.384650170803070068e+01
1.384609413146972656e+01
1.384572350978851318e+01
1.384540545940399170e+01
1.384511315822601318e+01
1.384482204914093018e+01
1.384460175037384033e+01
1.384441554546356201e+01
1.384423756599426270e+01
1.384410071372985840e+01
1.384395074844360352e+01
1.384382522106170654e+01
1.384370350837707520e+01
1.384364855289459229e+01
1.384357964992523193e+01
1.384353196620941162e+01
1.384349238872528076e+01
