1.241603088378906250e+02
1.241603088378906250e+02
1.241603088378906250e+02
1.241603088378906250e+02
1.241603088378906250e+02
1.241603088378906250e+02
1.241603088378906250e+02
1.241603088378906250e+02
1.241603088378906250e+02
1.241603088378906250e+02
1.241603088378906250e+02
1.241603088378906250e+02
1.756430828571319580e+01
1.886040079593658447e+01
1.424066770076751709e+01
1.391882705688476562e+01
1.385672271251678467e+01
1.385269308090209961e+01
1.385075104236602783e+01
1.385015118122100830e+01
1.384987771511077881e+01
1.384979653358459473e+01
1.384973430633544922e+01
1.384968256950378418e+01
1.384962880611419678e+01
1.384959554672241211e+01
1.384958052635192871e+01
1.384954774379730225e+01
1.384952545166015625e+01
1.384954762458801270e+01
