1.902890396118164062e+01
7.046867132186889648e+00
6.953368663787841797e+00
6.930804848670959473e+00
6.926983952522277832e+00
6.920340895652770996e+00
6.912456512451171875e+00
6.909424066543579102e+00
6.908660173416137695e+00
6.908001661300659180e+00
6.907236576080322266e+00
6.906654834747314453e+00
6.906291127204895020e+00
6.906060218811035156e+00
6.905872344970703125e+00
6.905723929405212402e+00
6.905616164207458496e+00
6.905527114868164062e+00
6.905458450317382812e+00
6.905376195907592773e+00
6.905311346054077148e+00
6.905247330665588379e+00
6.905189514160156250e+00
6.905137896537780762e+00
6.905089139938354492e+00
6.905049204826354980e+00
6.905010581016540527e+00
6.904982566833496094e+00
6.904957175254821777e+00
6.904933810234069824e+00
