1.134445524215698242e+02
1.055388727188110352e+02
5.337883889675140381e+01
1.493543100357055664e+01
1.402279460430145264e+01
1.389111912250518799e+01
1.386054110527038574e+01
1.385030090808868408e+01
1.384535920619964600e+01
1.384222185611724854e+01
1.383999359607696533e+01
1.383829808235168457e+01
1.383700835704803467e+01
1.383602631092071533e+01
1.383529424667358398e+01
1.383464705944061279e+01
1.383410775661468506e+01
1.383363044261932373e+01
1.383318161964416504e+01
1.383275234699249268e+01
1.383232295513153076e+01
1.383188223838806152e+01
1.383140838146209717e+01
1.383093726634979248e+01
1.383048844337463379e+01
1.383001673221588135e+01
1.382956874370574951e+01
1.382910501956939697e+01
1.382866871356964111e+01
1.382818520069122314e+01
1.382768297195434570e+01
1.382717788219451904e+01
1.382668089866638184e+01
1.382617056369781494e+01
1.382557690143585205e+01
1.382497489452362061e+01
1.382430088520050049e+01
1.382349705696105957e+01
1.382253873348236084e+01
1.382127177715301514e+01
