1.443854773044586182e+01
1.392344427108764648e+01
1.387198019027709961e+01
1.386135303974151611e+01
1.384223496913909912e+01
1.382845807075500488e+01
1.382059431076049805e+01
1.381489455699920654e+01
1.381147325038909912e+01
1.380974268913269043e+01
1.380856013298034668e+01
1.380767202377319336e+01
1.380709397792816162e+01
1.380661880970001221e+01
1.380619049072265625e+01
1.380590271949768066e+01
1.380565142631530762e+01
1.380543506145477295e+01
1.380524396896362305e+01
1.380512106418609619e+01
1.380497860908508301e+01
1.380484068393707275e+01
1.380471444129943848e+01
1.380464398860931396e+01
1.380458104610443115e+01
1.380451059341430664e+01
1.380448067188262939e+01
1.380443131923675537e+01
1.380440616607666016e+01
1.380437231063842773e+01
1.380436015129089355e+01
1.380449581146240234e+01
1.380425167083740234e+01
1.380422830581665039e+01
1.380426251888275146e+01
1.380422389507293701e+01
1.380417478084564209e+01
1.380413365364074707e+01
1.380414330959320068e+01
1.380405986309051514e+01
