4.604652456939220428e+00
4.073849700391292572e+00
4.049654163420200348e+00
4.037190541625022888e+00
4.031589545309543610e+00
4.027786038815975189e+00
4.025681667029857635e+00
4.023751698434352875e+00
4.022227302193641663e+00
4.021751947700977325e+00
4.020219132304191589e+00
4.018842659890651703e+00
4.017704077064990997e+00
4.016525186598300934e+00
4.016114868223667145e+00
4.016281828284263611e+00
4.014710523188114166e+00
4.015138529241085052e+00
4.015138372778892517e+00
4.013181157410144806e+00
4.010148979723453522e+00
4.010197892785072327e+00
4.013351432979106903e+00
4.007688224315643311e+00
4.008347824215888977e+00
4.005834475159645081e+00
4.005053676664829254e+00
4.003699384629726410e+00
4.007005110383033752e+00
4.002591036260128021e+00
4.004404410719871521e+00
4.001468479633331299e+00
4.001788370311260223e+00
4.002225145697593689e+00
4.001377165317535400e+00
4.000151984393596649e+00
3.998749770224094391e+00
3.997479289770126343e+00
3.998030044138431549e+00
3.997799605131149292e+00
3.996131882071495056e+00
3.995151743292808533e+00
3.999632850289344788e+00
3.993602283298969269e+00
3.994916699826717377e+00
4.002543784677982330e+00
3.994979143142700195e+00
3.993203714489936829e+00
3.991882957518100739e+00
3.990204326808452606e+00
3.989802971482276917e+00
3.990052893757820129e+00
3.988635934889316559e+00
