2.291441547870635986e+01
1.409707641601562500e+01
1.391671073436737061e+01
1.392905855178833008e+01
1.388045942783355713e+01
1.386401939392089844e+01
1.386265766620635986e+01
1.386155557632446289e+01
1.385979366302490234e+01
1.385854852199554443e+01
1.385754823684692383e+01
1.385664093494415283e+01
1.385576164722442627e+01
1.385486280918121338e+01
1.385392951965332031e+01
1.385296452045440674e+01
1.385207712650299072e+01
1.385112929344177246e+01
1.384990572929382324e+01
1.384875404834747314e+01
1.384778177738189697e+01
1.384694123268127441e+01
1.384641373157501221e+01
1.384599769115447998e+01
1.384583485126495361e+01
1.384563183784484863e+01
1.384554457664489746e+01
1.384542369842529297e+01
1.384524464607238770e+01
1.384511160850524902e+01
