1.310917568206787109e+02
1.310917568206787109e+02
1.310917568206787109e+02
1.310917568206787109e+02
1.310917568206787109e+02
1.310917568206787109e+02
1.310917568206787109e+02
1.310917568206787109e+02
1.310917568206787109e+02
1.310917568206787109e+02
1.310917568206787109e+02
1.290255870819091797e+02
8.150402259826660156e+01
2.221187639236450195e+01
1.862595605850219727e+01
1.735660088062286377e+01
1.656697642803192139e+01
1.597315216064453125e+01
1.548617184162139893e+01
1.508569121360778809e+01
1.476044178009033203e+01
1.450055336952209473e+01
1.430276858806610107e+01
1.415895211696624756e+01
1.405641555786132812e+01
1.398410725593566895e+01
1.393353641033172607e+01
1.389843010902404785e+01
1.387426674365997314e+01
1.385779404640197754e+01
1.384664416313171387e+01
1.383913695812225342e+01
1.383409023284912109e+01
1.383068645000457764e+01
1.382836139202117920e+01
1.382674074172973633e+01
1.382556700706481934e+01
1.382467150688171387e+01
1.382394504547119141e+01
1.382333278656005859e+01
