1.481300735473632812e+01
1.401973211765289307e+01
1.389066886901855469e+01
1.387331569194793701e+01
1.386362361907958984e+01
1.385948204994201660e+01
1.385866117477416992e+01
1.385799765586853027e+01
1.385782456398010254e+01
1.385774028301239014e+01
1.385769164562225342e+01
1.385767543315887451e+01
1.385766434669494629e+01
1.385764384269714355e+01
1.385762333869934082e+01
1.385763049125671387e+01
1.385763692855834961e+01
1.385762703418731689e+01
1.385759270191192627e+01
1.385757529735565186e+01
1.385757315158843994e+01
1.385754799842834473e+01
1.385753107070922852e+01
1.385754585266113281e+01
1.385753440856933594e+01
1.385750460624694824e+01
1.385750555992126465e+01
1.385750210285186768e+01
1.385750377178192139e+01
1.385751938819885254e+01
