9.120303750038146973e+00
8.729199647903442383e+00
8.413278460502624512e+00
8.157286047935485840e+00
7.948074340820312500e+00
7.774859786033630371e+00
7.628336668014526367e+00
7.503064036369323730e+00
7.396079778671264648e+00
7.304419279098510742e+00
7.224180579185485840e+00
7.154259085655212402e+00
7.095310926437377930e+00
7.047123670578002930e+00
7.009037494659423828e+00
6.980255603790283203e+00
6.959315180778503418e+00
6.944965839385986328e+00
6.935692429542541504e+00
6.929994106292724609e+00
6.926641821861267090e+00
6.924704074859619141e+00
6.923533797264099121e+00
6.922733187675476074e+00
6.922068119049072266e+00
6.921407222747802734e+00
6.920658469200134277e+00
6.919823765754699707e+00
6.919011116027832031e+00
6.918279767036437988e+00
6.917642474174499512e+00
6.917067766189575195e+00
6.916529059410095215e+00
6.916001796722412109e+00
6.915495991706848145e+00
6.915001749992370605e+00
6.914529800415039062e+00
6.914062738418579102e+00
6.913624048233032227e+00
6.913221478462219238e+00
