7.645753026008605957e+01
7.645753026008605957e+01
7.645753026008605957e+01
7.645753026008605957e+01
7.645753026008605957e+01
7.645753026008605957e+01
7.645753026008605957e+01
7.645753026008605957e+01
7.645753026008605957e+01
7.645753026008605957e+01
7.645753026008605957e+01
7.645753026008605957e+01
7.645753026008605957e+01
5.849170379340648651e+00
4.050415553152561188e+00
4.039855323731899261e+00
4.033490963280200958e+00
4.029483050107955933e+00
4.027155756950378418e+00
4.026574648916721344e+00
4.023440375924110413e+00
4.021908357739448547e+00
4.021160170435905457e+00
4.023297064006328583e+00
4.020391128957271576e+00
4.019147567451000214e+00
4.017930783331394196e+00
4.030475705862045288e+00
4.027772441506385803e+00
4.018681362271308899e+00
4.016649201512336731e+00
4.015360273420810699e+00
4.014391191303730011e+00
4.013582214713096619e+00
4.013822831213474274e+00
4.012890808284282684e+00
4.014633245766162872e+00
4.013007357716560364e+00
4.011424332857131958e+00
4.010605745017528534e+00
4.010258391499519348e+00
4.009927310049533844e+00
4.009703114628791809e+00
4.009128250181674957e+00
4.008590795099735260e+00
4.008262872695922852e+00
4.007736735045909882e+00
4.011313587427139282e+00
4.009428605437278748e+00
4.006878219544887543e+00
4.045534379780292511e+00
4.032525368034839630e+00
4.020193867385387421e+00
4.015040546655654907e+00
4.010604597628116608e+00
4.013498857617378235e+00
4.010679505765438080e+00
4.006339043378829956e+00
4.005549095571041107e+00
4.004864625632762909e+00
4.003942996263504028e+00
4.003912337124347687e+00
4.003428302705287933e+00
4.002049118280410767e+00
4.001799143850803375e+00
4.001729480922222137e+00
4.001417502760887146e+00
4.000063627958297729e+00
4.000234633684158325e+00
3.999831795692443848e+00
3.998949155211448669e+00
3.998407527804374695e+00
3.998864509165287018e+00
3.998335488140583038e+00
3.996946364641189575e+00
3.996756777167320251e+00
3.996055454015731812e+00
3.999738417565822601e+00
3.996215730905532837e+00
3.995853856205940247e+00
3.994703508913516998e+00
3.994421474635601044e+00
3.994019597768783569e+00
3.994809933006763458e+00
3.993393778800964355e+00
3.992068856954574585e+00
3.991511218249797821e+00
3.992628462612628937e+00
3.989948824048042297e+00
3.990091830492019653e+00
3.989651739597320557e+00
3.988259576261043549e+00
3.987270392477512360e+00
3.988073617219924927e+00
3.987445048987865448e+00
3.986523956060409546e+00
