4.002194821834564209e+01
1.585901927947998047e+01
1.482485556602478027e+01
1.449959623813629150e+01
1.434015333652496338e+01
1.422802889347076416e+01
1.412257945537567139e+01
1.402347445487976074e+01
1.394486272335052490e+01
1.389256739616394043e+01
1.386472892761230469e+01
1.385080933570861816e+01
1.384186863899230957e+01
1.383419811725616455e+01
1.382843112945556641e+01
1.382423865795135498e+01
1.382088387012481689e+01
1.381860530376434326e+01
1.381672406196594238e+01
1.381543040275573730e+01
1.381443858146667480e+01
1.381362009048461914e+01
1.381293165683746338e+01
1.381238746643066406e+01
1.381189692020416260e+01
1.381143605709075928e+01
1.381105852127075195e+01
1.381069576740264893e+01
1.381040692329406738e+01
1.381009256839752197e+01
1.380987548828125000e+01
1.380969321727752686e+01
1.380949854850769043e+01
1.380933368206024170e+01
1.380917501449584961e+01
1.380904150009155273e+01
1.380891728401184082e+01
1.380880331993103027e+01
1.380873656272888184e+01
1.380858039855957031e+01
