2.469954931735992432e+01
1.497743880748748779e+01
1.416247022151947021e+01
1.419352602958679199e+01
1.431459772586822510e+01
1.389712214469909668e+01
1.382285892963409424e+01
1.380012428760528564e+01
1.378959047794342041e+01
1.378634774684906006e+01
1.378505957126617432e+01
1.378426563739776611e+01
1.378390550613403320e+01
1.378375720977783203e+01
1.378365337848663330e+01
1.378355252742767334e+01
1.378344321250915527e+01
1.378337979316711426e+01
1.378330838680267334e+01
1.378325426578521729e+01
1.378323078155517578e+01
1.378325176239013672e+01
1.378315937519073486e+01
1.378307414054870605e+01
1.378303015232086182e+01
1.378296780586242676e+01
1.378292775154113770e+01
1.378286385536193848e+01
1.378283512592315674e+01
1.378279983997344971e+01
