2.172228906250000000e+04
2.891373242187500000e+04
3.627510449218750000e+04
3.620526293945312500e+04
2.674444824218750000e+04
2.370154455566406250e+04
2.467331591796875000e+04
5.249896484375000000e+04
5.249896484375000000e+04
5.249896484375000000e+04
5.249896484375000000e+04
5.249896484375000000e+04
5.249896484375000000e+04
5.249896484375000000e+04
5.249896484375000000e+04
5.249896484375000000e+04
5.249896484375000000e+04
5.249896484375000000e+04
5.249896484375000000e+04
5.249896484375000000e+04
5.249896484375000000e+04
5.249896484375000000e+04
5.249896484375000000e+04
5.249896484375000000e+04
5.249896484375000000e+04
5.249896484375000000e+04
5.249896484375000000e+04
5.249896484375000000e+04
5.249896484375000000e+04
5.249896484375000000e+04
