1.405222296714782715e+01
1.124544835090637207e+01
9.583914518356323242e+00
9.480407238006591797e+00
8.977603912353515625e+00
8.373495817184448242e+00
8.235906124114990234e+00
8.099086284637451172e+00
7.655961632728576660e+00
7.744268178939819336e+00
7.587369561195373535e+00
7.429657578468322754e+00
7.005842447280883789e+00
7.218728542327880859e+00
6.901667475700378418e+00
6.955591201782226562e+00
6.859697341918945312e+00
6.673832654953002930e+00
6.506404876708984375e+00
6.474961757659912109e+00
6.453661680221557617e+00
6.406812906265258789e+00
6.232381939888000488e+00
6.032537460327148438e+00
5.804814815521240234e+00
5.988544344902038574e+00
5.832206487655639648e+00
5.837153553962707520e+00
5.874977588653564453e+00
5.798270583152770996e+00
