4.292740084230899811e+00
4.057950809597969055e+00
4.041732653975486755e+00
4.034373059868812561e+00
4.031853675842285156e+00
4.028508290648460388e+00
4.025585316121578217e+00
4.055194146931171417e+00
4.054290890693664551e+00
4.035196475684642792e+00
4.027554720640182495e+00
4.023166365921497345e+00
4.021122641861438751e+00
4.019913285970687866e+00
4.017738893628120422e+00
4.015793226659297943e+00
4.015064343810081482e+00
4.015420481562614441e+00
4.013869471848011017e+00
4.012351259589195251e+00
4.011909700930118561e+00
4.010390579700469971e+00
4.011386968195438385e+00
4.008841663599014282e+00
4.009770065546035767e+00
4.006963521242141724e+00
4.007530830800533295e+00
4.005473427474498749e+00
4.004622541368007660e+00
4.003317311406135559e+00
4.002661757171154022e+00
4.002466216683387756e+00
4.002736218273639679e+00
4.000157229602336884e+00
3.999399229884147644e+00
4.000205740332603455e+00
3.997748434543609619e+00
3.996241137385368347e+00
3.995726287364959717e+00
3.994945056736469269e+00
3.994356021285057068e+00
3.993668116629123688e+00
3.992140993475914001e+00
3.991033852100372314e+00
3.989437252283096313e+00
3.988580040633678436e+00
3.988331817090511322e+00
4.154344260692596436e+00
4.086121439933776855e+00
4.031063467264175415e+00
4.023966334760189056e+00
4.019189998507499695e+00
4.017725735902786255e+00
