2.198801410198211670e+01
1.871902370452880859e+01
1.724182832241058350e+01
1.636553347110748291e+01
1.574159979820251465e+01
1.524746084213256836e+01
1.484110546112060547e+01
1.451496350765228271e+01
1.426574909687042236e+01
1.408907163143157959e+01
1.397737109661102295e+01
1.391103100776672363e+01
1.387351584434509277e+01
1.385343408584594727e+01
1.384304416179656982e+01
1.383768928050994873e+01
1.383478212356567383e+01
1.383288156986236572e+01
1.383150267601013184e+01
1.383030533790588379e+01
1.382916283607482910e+01
1.382798767089843750e+01
1.382690203189849854e+01
1.382585632801055908e+01
1.382489573955535889e+01
1.382397222518920898e+01
1.382311332225799561e+01
1.382231795787811279e+01
1.382155156135559082e+01
1.382085251808166504e+01
1.382017946243286133e+01
1.381956124305725098e+01
1.381899511814117432e+01
1.381845116615295410e+01
1.381795728206634521e+01
1.381750476360321045e+01
1.381706333160400391e+01
1.381665456295013428e+01
1.381626486778259277e+01
1.381590330600738525e+01
1.381556379795074463e+01
1.381525146961212158e+01
1.381494903564453125e+01
1.381468033790588379e+01
1.381441175937652588e+01
1.381416797637939453e+01
1.381393110752105713e+01
1.381370568275451660e+01
1.381348121166229248e+01
1.381317436695098877e+01
