2.631873703002929688e+01
1.441224694252014160e+01
1.413577151298522949e+01
1.399589037895202637e+01
1.390842151641845703e+01
1.387783598899841309e+01
1.386068475246429443e+01
1.385428404808044434e+01
1.385137104988098145e+01
1.385020101070404053e+01
1.384960758686065674e+01
1.384939706325531006e+01
1.384925174713134766e+01
1.384919679164886475e+01
1.384915292263031006e+01
1.384906673431396484e+01
1.384902119636535645e+01
1.384898018836975098e+01
1.384893846511840820e+01
1.384895074367523193e+01
1.384888386726379395e+01
1.384885203838348389e+01
1.384882414340972900e+01
1.384882938861846924e+01
1.384879148006439209e+01
1.384878230094909668e+01
1.384878778457641602e+01
1.384875071048736572e+01
1.384874260425567627e+01
1.384872364997863770e+01
