6.554587841033935547e+02
6.554587841033935547e+02
6.554587841033935547e+02
6.554587841033935547e+02
6.554587841033935547e+02
6.554587841033935547e+02
6.554587841033935547e+02
6.554587841033935547e+02
6.554587841033935547e+02
6.554587841033935547e+02
6.554587841033935547e+02
6.480046401023864746e+02
6.554587841033935547e+02
6.154608662128448486e+02
6.554587841033935547e+02
6.140165045261383057e+02
6.554587841033935547e+02
6.554587841033935547e+02
6.554587841033935547e+02
6.554587841033935547e+02
6.216999492645263672e+02
6.554587841033935547e+02
