6.311595825195312500e+03
5.402772705078125000e+03
5.331143310546875000e+03
5.319476135253906250e+03
5.311452331542968750e+03
5.308195190429687500e+03
5.308018249511718750e+03
5.307853576660156250e+03
5.307768737792968750e+03
5.307712707519531250e+03
5.307681396484375000e+03
5.307656372070312500e+03
5.307638671875000000e+03
5.307625793457031250e+03
5.307615356445312500e+03
5.307607910156250000e+03
5.307601501464843750e+03
5.307596435546875000e+03
5.307592224121093750e+03
5.307587829589843750e+03
5.307582885742187500e+03
5.307580017089843750e+03
5.307575378417968750e+03
5.307574340820312500e+03
5.307569580078125000e+03
5.307566467285156250e+03
5.307566284179687500e+03
5.307562622070312500e+03
5.307559692382812500e+03
5.307561889648437500e+03
