1.461524283885955811e+01
1.389610612392425537e+01
1.387348842620849609e+01
1.386289322376251221e+01
1.385951745510101318e+01
1.385890185832977295e+01
1.385829126834869385e+01
1.385817325115203857e+01
1.385802733898162842e+01
1.385795879364013672e+01
1.385794723033905029e+01
1.385794484615325928e+01
1.385789966583251953e+01
1.385788512229919434e+01
1.385787904262542725e+01
1.385792505741119385e+01
1.385785388946533203e+01
1.385787403583526611e+01
1.385784459114074707e+01
1.385784673690795898e+01
1.385782849788665771e+01
1.385783410072326660e+01
1.385788130760192871e+01
1.385783004760742188e+01
1.385781538486480713e+01
1.385781002044677734e+01
1.385781085491180420e+01
1.385779917240142822e+01
1.385779440402984619e+01
1.385778582096099854e+01
