5.098873727023601532e+00
4.070514999330043793e+00
4.061173573136329651e+00
4.059079252183437347e+00
4.059014976024627686e+00
4.058796107769012451e+00
4.058725908398628235e+00
4.058477498590946198e+00
4.058454170823097229e+00
4.058395802974700928e+00
4.058234155178070068e+00
4.058210700750350952e+00
4.058254502713680267e+00
4.058452524244785309e+00
4.058394253253936768e+00
4.058240950107574463e+00
4.058036319911479950e+00
4.058041594922542572e+00
4.058032020926475525e+00
4.057949341833591461e+00
4.057848796248435974e+00
4.057816967368125916e+00
4.057761304080486298e+00
4.057845078408718109e+00
4.057755626738071442e+00
4.060147471725940704e+00
4.058606192469596863e+00
4.057982712984085083e+00
4.057731181383132935e+00
4.057699389755725861e+00
4.057727955281734467e+00
4.057623393833637238e+00
4.057809494435787201e+00
4.057769007980823517e+00
4.057785473763942719e+00
4.057727351784706116e+00
4.057559221982955933e+00
4.057711996138095856e+00
4.057750031352043152e+00
4.057579137384891510e+00
