1.490466058254241943e+01
1.411393547058105469e+01
1.389191889762878418e+01
1.383996903896331787e+01
1.382190561294555664e+01
1.381705117225646973e+01
1.381411337852478027e+01
1.381215465068817139e+01
1.381082773208618164e+01
1.380989873409271240e+01
1.380920720100402832e+01
1.380872154235839844e+01
1.380847764015197754e+01
1.380837583541870117e+01
1.380807685852050781e+01
1.380789375305175781e+01
1.380779957771301270e+01
1.380773389339447021e+01
1.380764591693878174e+01
1.380758690834045410e+01
1.380757319927215576e+01
1.380750203132629395e+01
1.380751562118530273e+01
1.380751109123229980e+01
1.380744194984436035e+01
1.380756652355194092e+01
1.380774164199829102e+01
1.380746924877166748e+01
1.380738878250122070e+01
1.380736482143402100e+01
1.380734539031982422e+01
1.380732619762420654e+01
1.380735695362091064e+01
1.380734694004058838e+01
1.380728197097778320e+01
1.380748438835144043e+01
1.380743837356567383e+01
1.380738139152526855e+01
1.380726420879364014e+01
1.380729210376739502e+01
1.380725193023681641e+01
1.380725336074829102e+01
1.380722677707672119e+01
1.380722916126251221e+01
1.380721390247344971e+01
1.380725443363189697e+01
1.380725169181823730e+01
1.380729269981384277e+01
1.380719828605651855e+01
1.380719935894012451e+01
1.380724453926086426e+01
1.380717802047729492e+01
1.380714869499206543e+01
1.380725443363189697e+01
1.380725812911987305e+01
1.380718958377838135e+01
1.380715525150299072e+01
1.380715215206146240e+01
1.380712723731994629e+01
1.380715847015380859e+01
1.380724704265594482e+01
1.380717265605926514e+01
1.380720436573028564e+01
1.380708372592926025e+01
1.380713510513305664e+01
1.380714559555053711e+01
1.380711543560028076e+01
1.380711078643798828e+01
1.380712521076202393e+01
1.380709874629974365e+01
1.380705773830413818e+01
1.380705046653747559e+01
1.380704617500305176e+01
1.380704414844512939e+01
1.380703067779541016e+01
1.380704927444458008e+01
1.380708622932434082e+01
1.380703485012054443e+01
1.380710899829864502e+01
1.380710566043853760e+01
1.380721259117126465e+01
1.380725407600402832e+01
1.380718982219696045e+01
1.380708980560302734e+01
