6.976673150062561035e+01
6.908474969863891602e+01
6.908314669132232666e+01
6.907273137569427490e+01
6.906989026069641113e+01
6.907499122619628906e+01
6.907117879390716553e+01
6.907182025909423828e+01
6.906799447536468506e+01
6.907199406623840332e+01
6.906649267673492432e+01
6.906957328319549561e+01
6.906820356845855713e+01
6.906940937042236328e+01
6.906903314590454102e+01
6.906624960899353027e+01
6.906555032730102539e+01
6.906303989887237549e+01
6.906563961505889893e+01
6.906596946716308594e+01
6.906903731822967529e+01
6.906567203998565674e+01
6.906893312931060791e+01
6.906257402896881104e+01
6.906617605686187744e+01
6.907006931304931641e+01
6.906695508956909180e+01
6.906720316410064697e+01
6.906485748291015625e+01
6.906543016433715820e+01
6.906510961055755615e+01
6.906607592105865479e+01
6.906627321243286133e+01
6.906270384788513184e+01
6.906797111034393311e+01
6.906665396690368652e+01
6.906336343288421631e+01
6.906259143352508545e+01
6.906320095062255859e+01
6.906305909156799316e+01
