1.340250315666198730e+02
9.842205846309661865e+01
7.820274579524993896e+01
7.056492280960083008e+01
6.938322460651397705e+01
6.923840785026550293e+01
6.920564770698547363e+01
6.918379139900207520e+01
6.916516399383544922e+01
6.914908683300018311e+01
6.913504207134246826e+01
6.912299489974975586e+01
6.911302077770233154e+01
6.910477972030639648e+01
6.909786057472229004e+01
6.909217870235443115e+01
6.908759856224060059e+01
6.908382534980773926e+01
6.908074736595153809e+01
6.907806181907653809e+01
6.907571852207183838e+01
6.907368743419647217e+01
6.907205808162689209e+01
6.907073688507080078e+01
6.906967329978942871e+01
6.906880378723144531e+01
6.906805920600891113e+01
6.906738221645355225e+01
6.906673943996429443e+01
6.906616139411926270e+01
6.906562554836273193e+01
6.906510865688323975e+01
6.906460428237915039e+01
6.906414735317230225e+01
6.906372082233428955e+01
6.906330919265747070e+01
6.906292521953582764e+01
6.906257462501525879e+01
6.906224036216735840e+01
6.906191670894622803e+01
6.906159400939941406e+01
6.906125736236572266e+01
6.906092393398284912e+01
6.906055009365081787e+01
6.906014883518218994e+01
6.905962038040161133e+01
6.905910503864288330e+01
6.905870711803436279e+01
6.905830991268157959e+01
6.905795371532440186e+01
6.905760610103607178e+01
6.905726635456085205e+01
6.905694282054901123e+01
6.905661797523498535e+01
6.905635917186737061e+01
6.905608439445495605e+01
6.905585563182830811e+01
6.905560398101806641e+01
6.905540788173675537e+01
6.905518174171447754e+01
6.905495929718017578e+01
6.905479705333709717e+01
6.905458259582519531e+01
6.905442357063293457e+01
6.905427622795104980e+01
6.905409300327301025e+01
6.905394506454467773e+01
6.905380702018737793e+01
6.905365514755249023e+01
6.905356729030609131e+01
6.905346107482910156e+01
6.905332791805267334e+01
6.905321323871612549e+01
6.905313825607299805e+01
6.905298638343811035e+01
6.905300569534301758e+01
6.905295848846435547e+01
6.905280578136444092e+01
6.905272269248962402e+01
6.905265235900878906e+01
6.905259919166564941e+01
6.905252277851104736e+01
6.905253422260284424e+01
6.905244553089141846e+01
6.905241537094116211e+01
6.905235779285430908e+01
6.905231571197509766e+01
6.905223691463470459e+01
6.905219244956970215e+01
6.905217993259429932e+01
6.905213618278503418e+01
6.905210947990417480e+01
6.905207502841949463e+01
6.905205774307250977e+01
6.905202019214630127e+01
6.905198538303375244e+01
6.905197227001190186e+01
6.905197048187255859e+01
6.905194342136383057e+01
6.905196809768676758e+01
6.905188333988189697e+01
6.905190110206604004e+01
6.905186116695404053e+01
6.905186164379119873e+01
6.905177521705627441e+01
6.905179703235626221e+01
6.905179071426391602e+01
6.905172479152679443e+01
6.905173099040985107e+01
6.905175542831420898e+01
6.905170297622680664e+01
6.905166113376617432e+01
6.905170238018035889e+01
6.905165529251098633e+01
6.905162918567657471e+01
6.905162286758422852e+01
6.905159127712249756e+01
6.905154383182525635e+01
6.905157577991485596e+01
6.905157494544982910e+01
6.905154800415039062e+01
6.905155313014984131e+01
6.905153036117553711e+01
6.905149209499359131e+01
6.905151820182800293e+01
6.905143070220947266e+01
6.905148446559906006e+01
6.905148148536682129e+01
6.905144953727722168e+01
6.905143356323242188e+01
6.905145931243896484e+01
6.905142831802368164e+01
6.905140113830566406e+01
6.905139946937561035e+01
6.905134403705596924e+01
6.905144393444061279e+01
6.905130302906036377e+01
6.905136835575103760e+01
6.905133223533630371e+01
6.905141031742095947e+01
6.905130457878112793e+01
6.905132794380187988e+01
6.905133080482482910e+01
6.905143821239471436e+01
