2.257840204238891602e+01
2.008407568931579590e+01
1.845413744449615479e+01
1.729769945144653320e+01
1.642422485351562500e+01
1.574248361587524414e+01
1.519917643070220947e+01
1.476555263996124268e+01
1.443505811691284180e+01
1.420447611808776855e+01
1.405643963813781738e+01
1.396794307231903076e+01
1.391882610321044922e+01
1.389315199851989746e+01
1.387981665134429932e+01
1.387219643592834473e+01
1.386721456050872803e+01
1.386329686641693115e+01
1.385978710651397705e+01
1.385654509067535400e+01
1.385343503952026367e+01
1.385042047500610352e+01
1.384750616550445557e+01
1.384467244148254395e+01
1.384186422824859619e+01
1.383911263942718506e+01
1.383646214008331299e+01
1.383395898342132568e+01
1.383154523372650146e+01
1.382921051979064941e+01
1.382694602012634277e+01
1.382474470138549805e+01
1.382258558273315430e+01
1.382046186923980713e+01
1.381839215755462646e+01
1.381635963916778564e+01
1.381438279151916504e+01
1.381246209144592285e+01
1.381060099601745605e+01
1.380881476402282715e+01
