6.554587841033935547e+01
6.554587841033935547e+01
6.554587841033935547e+01
6.554587841033935547e+01
6.554587841033935547e+01
6.554587841033935547e+01
6.554587841033935547e+01
6.554587841033935547e+01
6.554587841033935547e+01
6.554587841033935547e+01
6.554587841033935547e+01
4.259859800338745117e+01
9.051910400390625000e+00
7.150600910186767578e+00
6.958299517631530762e+00
7.074245929718017578e+00
7.086687922477722168e+00
7.039469003677368164e+00
6.987807035446166992e+00
6.951361060142517090e+00
6.929982542991638184e+00
6.918959856033325195e+00
6.913900613784790039e+00
6.912041783332824707e+00
6.911565065383911133e+00
6.911491155624389648e+00
6.911367535591125488e+00
6.911078691482543945e+00
6.910648941993713379e+00
6.910182476043701172e+00
