2.641836702823638916e+01
1.395261609554290771e+01
1.389190888404846191e+01
1.386906957626342773e+01
1.385929393768310547e+01
1.385804295539855957e+01
1.385750317573547363e+01
1.385731804370880127e+01
1.385721778869628906e+01
1.385716164112091064e+01
1.385707437992095947e+01
1.385702943801879883e+01
1.385704100131988525e+01
1.385697197914123535e+01
1.385696709156036377e+01
1.385692501068115234e+01
1.385691571235656738e+01
1.385692167282104492e+01
1.385690319538116455e+01
1.385689485073089600e+01
1.385685551166534424e+01
1.385685288906097412e+01
1.385686278343200684e+01
1.385683608055114746e+01
1.385689663887023926e+01
1.385679090023040771e+01
1.385681772232055664e+01
1.385677742958068848e+01
1.385676336288452148e+01
1.385675311088562012e+01
