1.151157951354980469e+02
1.151157951354980469e+02
1.151157951354980469e+02
1.151157951354980469e+02
1.151157951354980469e+02
1.151157951354980469e+02
1.151157951354980469e+02
1.151157951354980469e+02
1.151157951354980469e+02
1.151157951354980469e+02
1.151157951354980469e+02
1.834546041488647461e+01
1.503575897216796875e+01
1.439460289478302002e+01
1.416473913192749023e+01
1.405630278587341309e+01
1.399339973926544189e+01
1.395135581493377686e+01
1.392120718955993652e+01
1.389895606040954590e+01
1.388240706920623779e+01
1.387009751796722412e+01
1.386099278926849365e+01
1.385425853729248047e+01
1.384922659397125244e+01
1.384533977508544922e+01
1.384219777584075928e+01
1.383953177928924561e+01
1.383717906475067139e+01
1.383502006530761719e+01
