1.698866314888000488e+02
9.446769547462463379e+01
7.788754773139953613e+01
7.144642853736877441e+01
6.975481581687927246e+01
6.931704258918762207e+01
6.920382511615753174e+01
6.917196488380432129e+01
6.915867662429809570e+01
6.914629495143890381e+01
6.913377428054809570e+01
6.912310492992401123e+01
6.911397612094879150e+01
6.910636949539184570e+01
6.910013568401336670e+01
6.909486758708953857e+01
6.909060835838317871e+01
6.908699905872344971e+01
6.908403706550598145e+01
6.908154177665710449e+01
6.907936441898345947e+01
6.907750189304351807e+01
6.907586753368377686e+01
6.907438886165618896e+01
6.907311534881591797e+01
6.907189929485321045e+01
6.907087123394012451e+01
6.906995046138763428e+01
6.906908667087554932e+01
6.906832432746887207e+01
6.906763565540313721e+01
6.906696295738220215e+01
6.906627643108367920e+01
6.906528878211975098e+01
6.906454169750213623e+01
6.906405675411224365e+01
6.906371021270751953e+01
6.906340861320495605e+01
6.906316685676574707e+01
6.906298577785491943e+01
6.906282734870910645e+01
6.906261670589447021e+01
6.906246852874755859e+01
6.906229186058044434e+01
6.906218087673187256e+01
6.906202757358551025e+01
6.906180286407470703e+01
6.906165719032287598e+01
6.906149780750274658e+01
6.906140792369842529e+01
6.906122004985809326e+01
6.906116735935211182e+01
6.906105005741119385e+01
6.906095051765441895e+01
6.906088089942932129e+01
6.906082224845886230e+01
6.906072151660919189e+01
6.906063294410705566e+01
6.906058847904205322e+01
6.906054317951202393e+01
6.906039035320281982e+01
6.906031978130340576e+01
6.906021642684936523e+01
6.906016981601715088e+01
6.906007432937622070e+01
6.905998671054840088e+01
6.905993843078613281e+01
6.905986964702606201e+01
6.905982589721679688e+01
6.905974256992340088e+01
6.905966949462890625e+01
6.905960011482238770e+01
6.905953955650329590e+01
6.905949354171752930e+01
6.905937731266021729e+01
6.905935311317443848e+01
6.905926680564880371e+01
6.905919551849365234e+01
6.905918741226196289e+01
6.905907976627349854e+01
6.905905473232269287e+01
6.905897307395935059e+01
6.905901288986206055e+01
6.905888295173645020e+01
6.905884444713592529e+01
6.905887567996978760e+01
6.905873024463653564e+01
6.905868136882781982e+01
6.905867075920104980e+01
6.905864083766937256e+01
6.905852103233337402e+01
6.905854070186614990e+01
6.905849850177764893e+01
6.905845880508422852e+01
6.905833089351654053e+01
6.905836451053619385e+01
6.905834543704986572e+01
6.905823361873626709e+01
6.905825591087341309e+01
6.905827331542968750e+01
6.905816972255706787e+01
6.905815470218658447e+01
6.905809509754180908e+01
6.905804598331451416e+01
6.905801308155059814e+01
6.905799484252929688e+01
6.905810058116912842e+01
6.905793440341949463e+01
6.905798065662384033e+01
6.905794906616210938e+01
6.905808234214782715e+01
6.905791008472442627e+01
6.905791223049163818e+01
6.905787718296051025e+01
6.905786657333374023e+01
6.905791974067687988e+01
6.905786716938018799e+01
6.905772352218627930e+01
6.905780518054962158e+01
6.905778408050537109e+01
6.905769491195678711e+01
6.905771291255950928e+01
6.905769979953765869e+01
6.905767691135406494e+01
6.905767846107482910e+01
6.905770885944366455e+01
6.905777931213378906e+01
6.905771458148956299e+01
6.905760669708251953e+01
6.905763101577758789e+01
6.905771553516387939e+01
6.905761182308197021e+01
6.905758070945739746e+01
6.905776345729827881e+01
6.905762207508087158e+01
6.905761849880218506e+01
6.905752944946289062e+01
6.905748450756072998e+01
6.905741119384765625e+01
6.905749881267547607e+01
6.905736851692199707e+01
6.905740272998809814e+01
6.905745267868041992e+01
6.905743050575256348e+01
6.905741322040557861e+01
6.905747532844543457e+01
6.905735635757446289e+01
6.905736792087554932e+01
6.905731344223022461e+01
6.905732631683349609e+01
6.905738544464111328e+01
6.905753552913665771e+01
6.905734336376190186e+01
6.905727481842041016e+01
6.905725061893463135e+01
